
> nx run components:build-storybook --outputDir=/var/folders/zq/gjw60rj9251gksbh_sfj3vv40000gn/T/chromatic--50044-97ZGCS10V5zV


>  NX  ui framework: @storybook/react


>  NX  Storybook builder starting ...

info => Cleaning outputDir: /Users/tomkan/d2/dist/storybook/components
info => Loading presets
info => Compiling manager..
info => Compiling preview..
info => Loading Nrwl React Storybook preset from "@nrwl/react/plugins/storybook"
info => Using default Webpack5 setup
info => Manager built (15 s)
WARN DefinePlugin
WARN Conflicting values for 'process.env.NODE_ENV'
info => Preview built (46 s)
WARN DefinePlugin
WARN Conflicting values for 'process.env.NODE_ENV'
WARN asset size limit: The following asset(s) exceed the recommended size limit (244 KiB).
WARN This can impact web performance.
WARN Assets: 
WARN   main.bc1c541c.iframe.bundle.js (1.56 MiB)
WARN   90.3ae002c6.iframe.bundle.js (551 KiB)
WARN   177.afaca9c0.iframe.bundle.js (5.21 MiB)
WARN entrypoint size limit: The following entrypoint(s) combined asset size exceeds the recommended limit (244 KiB). This can impact web performance.
WARN Entrypoints:
WARN   main (6.77 MiB)
WARN       runtime~main.f5a67603.iframe.bundle.js
WARN       177.afaca9c0.iframe.bundle.js
WARN       main.bc1c541c.iframe.bundle.js
WARN 
info => Output directory: /Users/tomkan/d2/dist/storybook/components

>  NX  Storybook builder finished ...


>  NX  Storybook files available in dist/storybook/components


 

 >  NX   Successfully ran target build-storybook for project components



 >  NX   See run details at https://nx.app/runs/46jfpWpiM1A

